[14:33:15] [main/INFO] (FabricLoader/GameProvider) Loading Minecraft 1.21 with Fabric Loader 0.15.11
[14:33:16] [main/INFO] (FabricLoader) Loading 54 mods:
	- bio-tech-mod 0.1-1.21
	- fabric-api 0.100.3+1.21
	- fabric-api-base 0.4.42+6573ed8cd1
	- fabric-api-lookup-api-v1 1.6.67+b5597344d1
	- fabric-biome-api-v1 13.0.28+6fc22b99d1
	- fabric-block-api-v1 1.0.22+0af3f5a7d1
	- fabric-block-view-api-v2 1.0.10+6573ed8cd1
	- fabric-blockrenderlayer-v1 1.1.52+0af3f5a7d1
	- fabric-client-tags-api-v1 1.1.15+6573ed8cd1
	- fabric-command-api-v1 1.2.48+f71b366fd1
	- fabric-command-api-v2 2.2.27+6a6dfa19d1
	- fabric-commands-v0 0.2.65+df3654b3d1
	- fabric-content-registries-v0 8.0.13+b5597344d1
	- fabric-convention-tags-v1 2.0.14+7f945d5bd1
	- fabric-convention-tags-v2 2.3.1+8a3b5617d1
	- fabric-crash-report-info-v1 0.2.29+0af3f5a7d1
	- fabric-data-attachment-api-v1 1.1.23+6a6dfa19d1
	- fabric-data-generation-api-v1 20.2.8+16c4ae25d1
	- fabric-dimensions-v1 4.0.0+6fc22b99d1
	- fabric-entity-events-v1 1.6.12+6fc22b99d1
	- fabric-events-interaction-v0 0.7.10+e633f883d1
	- fabric-game-rule-api-v1 1.0.52+6573ed8cd1
	- fabric-gametest-api-v1 2.0.1+6fc22b99d1
	- fabric-item-api-v1 11.0.0+afdfc921d1
	- fabric-item-group-api-v1 4.1.1+cb5ced13d1
	- fabric-key-binding-api-v1 1.0.47+0af3f5a7d1
	- fabric-keybindings-v0 0.2.45+df3654b3d1
	- fabric-lifecycle-events-v1 2.3.11+8f3583aed1
	- fabric-loot-api-v2 3.0.10+6573ed8cd1
	- fabric-message-api-v1 6.0.13+6573ed8cd1
	- fabric-model-loading-api-v1 2.0.0+fe474d6bd1
	- fabric-networking-api-v1 4.2.0+ab7edbacd1
	- fabric-object-builder-api-v1 15.1.11+d1321076d1
	- fabric-particles-v1 4.0.2+6573ed8cd1
	- fabric-recipe-api-v1 5.0.9+6573ed8cd1
	- fabric-registry-sync-v0 5.0.22+ab7edbacd1
	- fabric-renderer-api-v1 3.2.16+fe474d6bd1
	- fabric-renderer-indigo 1.6.4+48fb1586d1
	- fabric-renderer-registries-v1 3.2.66+df3654b3d1
	- fabric-rendering-data-attachment-v1 0.3.48+73761d2ed1
	- fabric-rendering-fluids-v1 3.1.6+b5597344d1
	- fabric-rendering-v0 1.1.69+df3654b3d1
	- fabric-rendering-v1 5.0.3+d1321076d1
	- fabric-resource-conditions-api-v1 4.2.1+d153f344d1
	- fabric-resource-loader-v0 1.1.4+cb5ced13d1
	- fabric-screen-api-v1 2.0.24+b5597344d1
	- fabric-screen-handler-api-v1 1.3.79+b5597344d1
	- fabric-sound-api-v1 1.0.23+6573ed8cd1
	- fabric-transfer-api-v1 5.1.14+b5597344d1
	- fabric-transitive-access-wideners-v1 6.0.12+6573ed8cd1
	- fabricloader 0.15.11
	- java 21
	- minecraft 1.21
	- mixinextras 0.3.5
[14:33:16] [main/INFO] (FabricLoader/Mixin) SpongePowered MIXIN Subsystem Version=0.8.5 Source=file:/C:/Users/boble/.gradle/caches/modules-2/files-2.1/net.fabricmc/sponge-mixin/0.13.3+mixin.0.8.5/9527e6b0d2449408958fd1302594dc65ec5ade9c/sponge-mixin-0.13.3+mixin.0.8.5.jar Service=Knot/Fabric Env=CLIENT
[14:33:16] [main/INFO] (FabricLoader/Mixin) Loaded Fabric development mappings for mixin remapper!
[14:33:16] [main/INFO] (FabricLoader/Mixin) Compatibility level set to JAVA_17
[14:33:16] [main/INFO] (FabricLoader/Mixin) Compatibility level set to JAVA_21
[14:33:17] [main/INFO] (FabricLoader/MixinExtras|Service) Initializing MixinExtras via com.llamalad7.mixinextras.service.MixinExtrasServiceImpl(version=0.3.5).
[14:33:18] [Datafixer Bootstrap/INFO] (Minecraft) 226 Datafixer optimizations took 356 milliseconds
[14:33:24] [Render thread/INFO] (Minecraft) Environment: Environment[sessionHost=https://sessionserver.mojang.com, servicesHost=https://api.minecraftservices.com, name=PROD]
[14:33:24] [Render thread/INFO] (Minecraft) Setting user: Player100
[14:33:24] [Render thread/INFO] (biotechmod) Initializing Bio Tech Mod
[14:33:24] [Render thread/INFO] (Indigo) [Indigo] Registering Indigo renderer!
[14:33:24] [Render thread/INFO] (Minecraft) Backend library: LWJGL version 3.3.3-snapshot
[14:33:26] [Render thread/INFO] (Minecraft) Reloading ResourceManager: vanilla, fabric, bio-tech-mod, fabric-api, fabric-api-base, fabric-api-lookup-api-v1, fabric-biome-api-v1, fabric-block-api-v1, fabric-block-view-api-v2, fabric-blockrenderlayer-v1, fabric-client-tags-api-v1, fabric-command-api-v1, fabric-command-api-v2, fabric-commands-v0, fabric-content-registries-v0, fabric-convention-tags-v1, fabric-convention-tags-v2, fabric-crash-report-info-v1, fabric-data-attachment-api-v1, fabric-data-generation-api-v1, fabric-dimensions-v1, fabric-entity-events-v1, fabric-events-interaction-v0, fabric-game-rule-api-v1, fabric-gametest-api-v1, fabric-item-api-v1, fabric-item-group-api-v1, fabric-key-binding-api-v1, fabric-keybindings-v0, fabric-lifecycle-events-v1, fabric-loot-api-v2, fabric-message-api-v1, fabric-model-loading-api-v1, fabric-networking-api-v1, fabric-object-builder-api-v1, fabric-particles-v1, fabric-recipe-api-v1, fabric-registry-sync-v0, fabric-renderer-api-v1, fabric-renderer-indigo, fabric-renderer-registries-v1, fabric-rendering-data-attachment-v1, fabric-rendering-fluids-v1, fabric-rendering-v0, fabric-rendering-v1, fabric-resource-conditions-api-v1, fabric-resource-loader-v0, fabric-screen-api-v1, fabric-screen-handler-api-v1, fabric-sound-api-v1, fabric-transfer-api-v1, fabric-transitive-access-wideners-v1, fabricloader
[14:33:26] [Worker-Main-14/INFO] (Minecraft) Found unifont_all_no_pua-15.1.05.hex, loading
[14:33:26] [Worker-Main-7/INFO] (Minecraft) Found unifont_jp_patch-15.1.05.hex, loading
[14:33:27] [Render thread/WARN] (Minecraft) Missing sound for event: minecraft:item.goat_horn.play
[14:33:27] [Render thread/WARN] (Minecraft) Missing sound for event: minecraft:entity.goat.screaming.horn_break
[14:33:27] [Render thread/INFO] (Minecraft) OpenAL initialized on device OpenAL Soft on Headphones (SteelSeries Arctis Pro Game)
[14:33:27] [Render thread/INFO] (Minecraft) Sound engine started
[14:33:28] [Render thread/INFO] (Minecraft) Created: 1024x512x4 minecraft:textures/atlas/blocks.png-atlas
[14:33:28] [Render thread/INFO] (Minecraft) Created: 256x256x4 minecraft:textures/atlas/signs.png-atlas
[14:33:28] [Render thread/INFO] (Minecraft) Created: 512x512x4 minecraft:textures/atlas/banner_patterns.png-atlas
[14:33:28] [Render thread/INFO] (Minecraft) Created: 512x512x4 minecraft:textures/atlas/shield_patterns.png-atlas
[14:33:28] [Render thread/INFO] (Minecraft) Created: 1024x1024x4 minecraft:textures/atlas/armor_trims.png-atlas
[14:33:29] [Render thread/INFO] (Minecraft) Created: 256x256x4 minecraft:textures/atlas/chest.png-atlas
[14:33:29] [Render thread/INFO] (Minecraft) Created: 128x64x4 minecraft:textures/atlas/decorated_pot.png-atlas
[14:33:29] [Render thread/INFO] (Minecraft) Created: 512x256x4 minecraft:textures/atlas/beds.png-atlas
[14:33:29] [Render thread/INFO] (Minecraft) Created: 512x256x4 minecraft:textures/atlas/shulker_boxes.png-atlas
[14:33:30] [Render thread/INFO] (Minecraft) Created: 512x256x0 minecraft:textures/atlas/particles.png-atlas
[14:33:30] [Render thread/INFO] (Minecraft) Created: 512x256x0 minecraft:textures/atlas/paintings.png-atlas
[14:33:30] [Render thread/INFO] (Minecraft) Created: 256x128x0 minecraft:textures/atlas/mob_effects.png-atlas
[14:33:30] [Render thread/INFO] (Minecraft) Created: 64x64x0 minecraft:textures/atlas/map_decorations.png-atlas
[14:33:30] [Render thread/INFO] (Minecraft) Created: 1024x512x0 minecraft:textures/atlas/gui.png-atlas
[14:33:30] [Render thread/WARN] (Minecraft) Shader rendertype_entity_translucent_emissive could not find sampler named Sampler2 in the specified shader program.
[14:33:33] [Render thread/INFO] (Minecraft) Stopping!
